2022.07.10 20:49:02 INFO  tracing is disabled for protocol LSP, to enable tracing of incoming and outgoing JSON messages create an empty file at d:\UCSC\Academics\2_year_Sem_1\2204_FP\Practicals\GitHub\2204_FunctionalProgramming\Tutorial_2\.metals\lsp.trace.json or C:\Users\baavi\AppData\Local\scalameta\metals\cache\lsp.trace.json
2022.07.10 20:49:03 INFO  logging to file D:\UCSC\Academics\2_year_Sem_1\2204_FP\Practicals\GitHub\2204_FunctionalProgramming\Tutorial_2\.metals\metals.log
2022.07.10 20:49:03 INFO  Started: Metals version 0.11.7 in workspace 'D:\UCSC\Academics\2_year_Sem_1\2204_FP\Practicals\GitHub\2204_FunctionalProgramming\Tutorial_2' for client Visual Studio Code 1.69.0.
2022.07.10 20:49:04 INFO  time: initialize in 0.69s
2022.07.10 20:49:04 WARN  Flyway upgrade recommended: H2 2.1.214 is newer than this version of Flyway and support has not been tested. The latest supported version of H2 is 2.1.210.
2022.07.10 20:49:04 WARN  Build server is not auto-connectable.
2022.07.10 20:49:04 WARN  no build tool detected in workspace 'D:\UCSC\Academics\2_year_Sem_1\2204_FP\Practicals\GitHub\2204_FunctionalProgramming\Tutorial_2'. The most common cause for this problem is that the editor was opened in the wrong working directory, for example if you use sbt then the workspace directory should contain build.sbt. 
2022.07.10 20:49:06 WARN  no build target for: D:\UCSC\Academics\2_year_Sem_1\2204_FP\Practicals\GitHub\2204_FunctionalProgramming\Tutorial_2\Question123.scala
2022.07.10 20:49:08 INFO  no build target found for D:\UCSC\Academics\2_year_Sem_1\2204_FP\Practicals\GitHub\2204_FunctionalProgramming\Tutorial_2\Question123.scala. Using presentation compiler with project's scala-library version: 3.1.3
Jul 10, 2022 8:49:09 PM org.eclipse.lsp4j.jsonrpc.RemoteEndpoint handleCancellation
WARNING: Unmatched cancel notification for request id 6
Jul 10, 2022 8:49:09 PM org.eclipse.lsp4j.jsonrpc.RemoteEndpoint handleCancellation
WARNING: Unmatched cancel notification for request id 9
Jul 10, 2022 8:49:09 PM org.eclipse.lsp4j.jsonrpc.RemoteEndpoint handleCancellation
WARNING: Unmatched cancel notification for request id 13
Jul 10, 2022 8:49:09 PM org.eclipse.lsp4j.jsonrpc.RemoteEndpoint handleCancellation
WARNING: Unmatched cancel notification for request id 17
Jul 10, 2022 8:49:09 PM org.eclipse.lsp4j.jsonrpc.RemoteEndpoint handleCancellation
WARNING: Unmatched cancel notification for request id 16
Jul 10, 2022 8:49:09 PM org.eclipse.lsp4j.jsonrpc.RemoteEndpoint handleCancellation
WARNING: Unmatched cancel notification for request id 23
2022.07.10 20:49:10 INFO  time: code lens generation in 3.82s
2022.07.10 20:49:10 INFO  time: code lens generation in 1.28s
2022.07.10 20:49:10 INFO  time: code lens generation in 1.26s
2022.07.10 20:49:10 INFO  time: code lens generation in 1.3s
2022.07.10 20:49:10 INFO  time: code lens generation in 1.24s
2022.07.10 20:49:10 INFO  time: code lens generation in 1.2s
2022.07.10 20:49:10 INFO  time: code lens generation in 1.23s
2022.07.10 20:49:10 INFO  time: code lens generation in 1.22s
2022.07.10 20:49:10 WARN  no build target for: D:\UCSC\Academics\2_year_Sem_1\2204_FP\Practicals\GitHub\2204_FunctionalProgramming\Tutorial_2\Question123.scala
2022.07.10 20:49:13 WARN  no build target for: D:\UCSC\Academics\2_year_Sem_1\2204_FP\Practicals\GitHub\2204_FunctionalProgramming\Tutorial_2\Question123.scala
2022.07.10 20:49:17 WARN  no build target for: D:\UCSC\Academics\2_year_Sem_1\2204_FP\Practicals\GitHub\2204_FunctionalProgramming\Tutorial_2\Question123.scala
2022.07.10 20:49:24 WARN  no build target for: D:\UCSC\Academics\2_year_Sem_1\2204_FP\Practicals\GitHub\2204_FunctionalProgramming\Tutorial_2\Question123.scala
2022.07.10 20:49:42 WARN  no build target for: D:\UCSC\Academics\2_year_Sem_1\2204_FP\Practicals\GitHub\2204_FunctionalProgramming\Tutorial_2\Question123.scala
2022.07.10 20:49:45 WARN  no build target for: D:\UCSC\Academics\2_year_Sem_1\2204_FP\Practicals\GitHub\2204_FunctionalProgramming\Tutorial_2\Question123.scala
2022.07.10 20:49:53 WARN  no build target for: D:\UCSC\Academics\2_year_Sem_1\2204_FP\Practicals\GitHub\2204_FunctionalProgramming\Tutorial_2\Question123.scala
2022.07.10 20:49:58 WARN  no build target for: D:\UCSC\Academics\2_year_Sem_1\2204_FP\Practicals\GitHub\2204_FunctionalProgramming\Tutorial_2\Question123.scala
2022.07.10 20:50:01 WARN  no build target for: D:\UCSC\Academics\2_year_Sem_1\2204_FP\Practicals\GitHub\2204_FunctionalProgramming\Tutorial_2\Question123.scala
2022.07.10 20:50:15 WARN  no build target for: D:\UCSC\Academics\2_year_Sem_1\2204_FP\Practicals\GitHub\2204_FunctionalProgramming\Tutorial_2\Question123.scala
2022.07.10 20:50:16 WARN  no build target for: D:\UCSC\Academics\2_year_Sem_1\2204_FP\Practicals\GitHub\2204_FunctionalProgramming\Tutorial_2\Question123.scala
2022.07.10 20:50:18 WARN  no build target for: D:\UCSC\Academics\2_year_Sem_1\2204_FP\Practicals\GitHub\2204_FunctionalProgramming\Tutorial_2\Question123.scala
2022.07.10 20:50:24 WARN  no build target for: D:\UCSC\Academics\2_year_Sem_1\2204_FP\Practicals\GitHub\2204_FunctionalProgramming\Tutorial_2\Question123.scala
2022.07.10 20:50:26 WARN  no build target for: D:\UCSC\Academics\2_year_Sem_1\2204_FP\Practicals\GitHub\2204_FunctionalProgramming\Tutorial_2\Question123.scala
2022.07.10 20:50:28 WARN  no build target for: D:\UCSC\Academics\2_year_Sem_1\2204_FP\Practicals\GitHub\2204_FunctionalProgramming\Tutorial_2\Question123.scala
2022.07.10 20:50:31 WARN  no build target for: D:\UCSC\Academics\2_year_Sem_1\2204_FP\Practicals\GitHub\2204_FunctionalProgramming\Tutorial_2\Question123.scala
2022.07.10 20:50:36 WARN  no build target for: D:\UCSC\Academics\2_year_Sem_1\2204_FP\Practicals\GitHub\2204_FunctionalProgramming\Tutorial_2\Question123.scala
2022.07.10 20:50:37 WARN  no build target for: D:\UCSC\Academics\2_year_Sem_1\2204_FP\Practicals\GitHub\2204_FunctionalProgramming\Tutorial_2\Question123.scala
2022.07.10 20:52:38 WARN  no build target for: D:\UCSC\Academics\2_year_Sem_1\2204_FP\Practicals\GitHub\2204_FunctionalProgramming\Tutorial_2\Question123.scala
2022.07.10 20:52:41 WARN  no build target for: D:\UCSC\Academics\2_year_Sem_1\2204_FP\Practicals\GitHub\2204_FunctionalProgramming\Tutorial_2\Question123.scala
2022.07.10 20:52:46 WARN  no build target for: D:\UCSC\Academics\2_year_Sem_1\2204_FP\Practicals\GitHub\2204_FunctionalProgramming\Tutorial_2\Question123.scala
2022.07.10 20:52:47 WARN  no build target for: D:\UCSC\Academics\2_year_Sem_1\2204_FP\Practicals\GitHub\2204_FunctionalProgramming\Tutorial_2\Question123.scala
2022.07.10 20:52:52 WARN  no build target for: D:\UCSC\Academics\2_year_Sem_1\2204_FP\Practicals\GitHub\2204_FunctionalProgramming\Tutorial_2\Question123.scala
2022.07.10 20:53:01 WARN  no build target for: D:\UCSC\Academics\2_year_Sem_1\2204_FP\Practicals\GitHub\2204_FunctionalProgramming\Tutorial_2\Question123.scala
2022.07.10 20:53:03 WARN  no build target for: D:\UCSC\Academics\2_year_Sem_1\2204_FP\Practicals\GitHub\2204_FunctionalProgramming\Tutorial_2\Question123.scala
2022.07.10 20:53:06 WARN  no build target for: D:\UCSC\Academics\2_year_Sem_1\2204_FP\Practicals\GitHub\2204_FunctionalProgramming\Tutorial_2\Question123.scala
2022.07.10 20:53:08 WARN  no build target for: D:\UCSC\Academics\2_year_Sem_1\2204_FP\Practicals\GitHub\2204_FunctionalProgramming\Tutorial_2\Question123.scala
2022.07.10 20:53:14 WARN  no build target for: D:\UCSC\Academics\2_year_Sem_1\2204_FP\Practicals\GitHub\2204_FunctionalProgramming\Tutorial_2\Question123.scala
2022.07.10 20:53:22 WARN  no build target for: D:\UCSC\Academics\2_year_Sem_1\2204_FP\Practicals\GitHub\2204_FunctionalProgramming\Tutorial_2\Question123.scala
2022.07.10 20:53:31 WARN  no build target for: D:\UCSC\Academics\2_year_Sem_1\2204_FP\Practicals\GitHub\2204_FunctionalProgramming\Tutorial_2\Question123.scala
2022.07.10 20:53:43 WARN  no build target for: D:\UCSC\Academics\2_year_Sem_1\2204_FP\Practicals\GitHub\2204_FunctionalProgramming\Tutorial_2\Question123.scala
2022.07.10 20:53:45 WARN  no build target for: D:\UCSC\Academics\2_year_Sem_1\2204_FP\Practicals\GitHub\2204_FunctionalProgramming\Tutorial_2\Question123.scala
2022.07.10 20:53:57 WARN  no build target for: D:\UCSC\Academics\2_year_Sem_1\2204_FP\Practicals\GitHub\2204_FunctionalProgramming\Tutorial_2\Question123.scala
2022.07.10 20:54:00 WARN  no build target for: D:\UCSC\Academics\2_year_Sem_1\2204_FP\Practicals\GitHub\2204_FunctionalProgramming\Tutorial_2\Question123.scala
2022.07.10 20:54:03 WARN  no build target for: D:\UCSC\Academics\2_year_Sem_1\2204_FP\Practicals\GitHub\2204_FunctionalProgramming\Tutorial_2\Question123.scala
2022.07.10 20:59:32 WARN  no build target for: D:\UCSC\Academics\2_year_Sem_1\2204_FP\Practicals\GitHub\2204_FunctionalProgramming\Tutorial_2\Question123.scala
2022.07.10 20:59:43 WARN  no build target for: D:\UCSC\Academics\2_year_Sem_1\2204_FP\Practicals\GitHub\2204_FunctionalProgramming\Tutorial_2\Question123.scala
2022.07.10 20:59:50 WARN  no build target for: D:\UCSC\Academics\2_year_Sem_1\2204_FP\Practicals\GitHub\2204_FunctionalProgramming\Tutorial_2\Question123.scala
2022.07.10 20:59:53 WARN  no build target for: D:\UCSC\Academics\2_year_Sem_1\2204_FP\Practicals\GitHub\2204_FunctionalProgramming\Tutorial_2\Question123.scala
2022.07.10 20:59:59 WARN  no build target for: D:\UCSC\Academics\2_year_Sem_1\2204_FP\Practicals\GitHub\2204_FunctionalProgramming\Tutorial_2\Question123.scala
2022.07.10 21:00:05 WARN  no build target for: D:\UCSC\Academics\2_year_Sem_1\2204_FP\Practicals\GitHub\2204_FunctionalProgramming\Tutorial_2\Question123.scala
2022.07.10 21:00:09 WARN  no build target for: D:\UCSC\Academics\2_year_Sem_1\2204_FP\Practicals\GitHub\2204_FunctionalProgramming\Tutorial_2\Question123.scala
2022.07.10 21:00:35 WARN  no build target for: D:\UCSC\Academics\2_year_Sem_1\2204_FP\Practicals\GitHub\2204_FunctionalProgramming\Tutorial_2\Question123.scala
2022.07.10 21:00:39 WARN  no build target for: D:\UCSC\Academics\2_year_Sem_1\2204_FP\Practicals\GitHub\2204_FunctionalProgramming\Tutorial_2\Question123.scala
2022.07.10 21:03:44 WARN  no build target for: D:\UCSC\Academics\2_year_Sem_1\2204_FP\Practicals\GitHub\2204_FunctionalProgramming\Tutorial_2\Question123.scala
2022.07.10 21:03:49 WARN  no build target for: D:\UCSC\Academics\2_year_Sem_1\2204_FP\Practicals\GitHub\2204_FunctionalProgramming\Tutorial_2\Question123.scala
2022.07.10 21:03:51 WARN  no build target for: D:\UCSC\Academics\2_year_Sem_1\2204_FP\Practicals\GitHub\2204_FunctionalProgramming\Tutorial_2\Question123.scala
2022.07.10 21:03:58 WARN  no build target for: D:\UCSC\Academics\2_year_Sem_1\2204_FP\Practicals\GitHub\2204_FunctionalProgramming\Tutorial_2\Question123.scala
2022.07.10 21:03:58 WARN  no build target for: D:\UCSC\Academics\2_year_Sem_1\2204_FP\Practicals\GitHub\2204_FunctionalProgramming\Tutorial_2\Question123.scala
